aerolito (0.1)
*autopep8 (0.9.4)
Baker (1.3)
beautifulsoup4 (4.3.2)
bpython (0.12)
chomsky (1.0.2)
cjktools (1.6.0)
cjktools-data (0.2.1-2010-07-29)
clonedigger (1.1.0)
colorama (0.2.5)
consoleLog (0.2.4)
coro (1.0.3-000)
coverage (3.7)
csc-utils (0.6.7)
Cython (0.19.1)
Dialogs (0.11)
distribute (0.6.26)
Django (1.6)
enum34 (0.9.19)
ftfy (3.0.5)
gpalign (0.2.1)
greenlet (0.4.1)
guess (1.0.4)
guess-language (0.2)
guess-language-spirit (0.5a4)
igo-python (0.9.3)
*ipython (1.1.0)
jacot (0.2.9)
*jedi (0.7.0)
Jinja2 (2.7.1)
jProcessing (0.1)
jTransliterate (1.0.3)
langtools (0.1)
MarkupSafe (0.18)
*mccabe (0.2.1)
metanl (0.5.6)
nl (0.102)
nltk (2.0.4)
*nose (1.3.0)
*nosehtmloutput (0.0.1)
*npyscreen (2.0pre78)
*paramiko (1.10.1)
pcapy (0.10.8)
*pep257 (0.2.4)
*pep8 (1.4.6)
ply (3.4)
*pudb (2013.5.1, /Users/miburr/git/pudb)
pycrypto (2.6)
*pyflakes (0.7.3)
Pygments (1.6)
pygraphviz (1.2)
pykf (0.4)
pymallet (0.1.1)
pypred (0.3.6)
pysandbox (1.5)
PyStemmer (1.3.0)
pytrace (0.2.1)
PyYAML (3.10)
pyzmq (14.0.1)
radon (0.4.3)
re2 (0.2.20)
readline (6.2.4.1)
rope (0.9.4)
RunSnakeRun (2.0.3)
*scapy (2.1.0)
sentimental-skk (0.0.3)
sh (1.09)
simplenlp (1.1.2)
simplestats (0.2.0)
six (1.4.1)
SQLAlchemy (0.8.3)
SquareMap (1.0.2)
termcolor (1.1.0)
textutil-ja (0.1.1)
tff (0.0.2)
tinysegmenter (0.1)
tornado (3.1.1)
*urwid (1.1.1)
whoosh-igo (0.7)
